android/.build/app/outputs/logs/manifest-merger-debug-report.txt
-- Merging decision tree log ---
manifest
ADDED from src\main\AndroidManifest.xml:1:1-30:12
INJECTED from src\main\AndroidManifest.xml:1:1-30:12
INJECTED from src\main\AndroidManifest.xml:1:1-30:12
INJECTED from src\main\AndroidManifest.xml:1:1-30:12
MERGED from [:react-native-gesture-handler] AndroidManifest.xml:2:1-11:12
MERGED from [androidx.multidex:multidex:2.0.0] AndroidManifest.xml:17:1-22:12
MERGED from [:react-native-fast-image] AndroidManifest.xml:2:1-11:12
MERGED from [:@react-native-community_checkbox] AndroidManifest.xml:2:1-9:12
MERGED from [:react-native-dialogs] AndroidManifest.xml:2:1-12:12
MERGED from [:react-native-image-crop-picker] AndroidManifest.xml:2:1-28:12
MERGED from [:react-native-shared-element] AndroidManifest.xml:2:1-11:12
MERGED from [:react-native-safe-area-context] AndroidManifest.xml:2:1-9:12
MERGED from [:react-native-screens] AndroidManifest.xml:2:1-11:12
MERGED from [:react-native-reanimated] AndroidManifest.xml:2:1-11:12
MERGED from [:react-native-image-picker] AndroidManifest.xml:2:1-21:12
MERGED from [:react-native-svg] AndroidManifest.xml:2:1-9:12
MERGED from [:@react-native-community_async-storage] AndroidManifest.xml:2:1-9:12
MERGED from [:react-native-vector-icons] AndroidManifest.xml:2:1-11:12
MERGED from [com.facebook.react:react-native:0.59.9] AndroidManifest.xml:2:1-13:12
MERGED from [com.afollestad.material-dialogs:commons:0.9.6.0] AndroidManifest.xml:2:1-14:12
MERGED from [com.github.yalantis:ucrop:2.2.5-native] AndroidManifest.xml:2:1-11:12
MERGED from [com.google.android.material:material:1.1.0] AndroidManifest.xml:17:1-24:12
MERGED from [com.afollestad.material-dialogs:core:0.9.6.0] AndroidManifest.xml:2:1-15:12
MERGED from [me.zhanghai.android.materialprogressbar:library:1.4.2] AndroidManifest.xml:6:1-16:12
MERGED from [androidx.appcompat:appcompat:1.1.0] AndroidManifest.xml:17:1-24:12
MERGED from [androidx.legacy:legacy-support-v4:1.0.0] AndroidManifest.xml:17:1-22:12
MERGED from [com.github.bumptech.glide:okhttp3-integration:4.7.1] AndroidManifest.xml:2:1-16:12
MERGED from [com.github.bumptech.glide:glide:4.7.1] AndroidManifest.xml:2:1-13:12
MERGED from [androidx.legacy:legacy-support-core-ui:1.0.0] AndroidManifest.xml:17:1-22:12
MERGED from [androidx.swiperefreshlayout:swiperefreshlayout:1.0.0] AndroidManifest.xml:17:1-22:12
MERGED from [androidx.viewpager2:viewpager2:1.0.0] AndroidManifest.xml:17:1-24:12
MERGED from [androidx.fragment:fragment:1.2.1] AndroidManifest.xml:17:1-24:12
MERGED from [androidx.coordinatorlayout:coordinatorlayout:1.1.0] AndroidManifest.xml:17:1-24:12
MERGED from [androidx.transition:transition:1.2.0] AndroidManifest.xml:17:1-24:12
MERGED from [com.facebook.fresco:fresco:1.10.0] AndroidManifest.xml:2:1-9:12
MERGED from [com.facebook.fresco:imagepipeline-okhttp3:1.10.0] AndroidManifest.xml:2:1-9:12
MERGED from [com.facebook.fresco:drawee:1.10.0] AndroidManifest.xml:2:1-9:12
MERGED from [com.facebook.fresco:imagepipeline:1.10.0] AndroidManifest.xml:2:1-9:12
MERGED from [com.facebook.fresco:imagepipeline-base:1.10.0] AndroidManifest.xml:2:1-9:12
MERGED from [com.facebook.soloader:soloader:0.6.0] AndroidManifest.xml:2:1-13:12
MERGED from [androidx.media:media:1.0.0] AndroidManifest.xml:17:1-22:12
MERGED from [androidx.legacy:legacy-support-core-utils:1.0.0] AndroidManifest.xml:17:1-22:12
MERGED from [androidx.appcompat:appcompat-resources:1.1.0] AndroidManifest.xml:17:1-24:12
MERGED from [androidx.drawerlayout:drawerlayout:1.0.0] AndroidManifest.xml:17:1-22:12
MERGED from [androidx.viewpager:viewpager:1.0.0] AndroidManifest.xml:17:1-22:12
MERGED from [androidx.loader:loader:1.0.0] AndroidManifest.xml:17:1-22:12
MERGED from [androidx.activity:activity:1.1.0] AndroidManifest.xml:17:1-24:12
MERGED from [androidx.slidingpanelayout:slidingpanelayout:1.0.0] AndroidManifest.xml:17:1-22:12
MERGED from [androidx.recyclerview:recyclerview:1.1.0] AndroidManifest.xml:17:1-24:12
MERGED from [androidx.customview:customview:1.0.0] AndroidManifest.xml:17:1-22:12
MERGED from [androidx.vectordrawable:vectordrawable-animated:1.1.0] AndroidManifest.xml:17:1-24:12
MERGED from [androidx.vectordrawable:vectordrawable:1.1.0] AndroidManifest.xml:17:1-24:12
MERGED from [androidx.asynclayoutinflater:asynclayoutinflater:1.0.0] AndroidManifest.xml:17:1-22:12
MERGED from [androidx.core:core:1.1.0] AndroidManifest.xml:17:1-26:12
MERGED from [com.github.bumptech.glide:gifdecoder:4.7.1] AndroidManifest.xml:2:1-11:12
MERGED from [androidx.interpolator:interpolator:1.0.0] AndroidManifest.xml:17:1-22:12
MERGED from [androidx.exifinterface:exifinterface:1.1.0-beta01] AndroidManifest.xml:17:1-24:12
MERGED from [androidx.cursoradapter:cursoradapter:1.0.0] AndroidManifest.xml:17:1-22:12
MERGED from [androidx.versionedparcelable:versionedparcelable:1.1.0] AndroidManifest.xml:17:1-27:12
MERGED from [androidx.lifecycle:lifecycle-viewmodel-savedstate:2.2.0] AndroidManifest.xml:17:1-24:12
MERGED from [androidx.lifecycle:lifecycle-viewmodel:2.2.0] AndroidManifest.xml:17:1-24:12
MERGED from [androidx.cardview:cardview:1.0.0] AndroidManifest.xml:17:1-22:12
MERGED from [androidx.documentfile:documentfile:1.0.0] AndroidManifest.xml:17:1-22:12
MERGED from [androidx.localbroadcastmanager:localbroadcastmanager:1.0.0] AndroidManifest.xml:17:1-22:12
MERGED from [androidx.print:print:1.0.0] AndroidManifest.xml:17:1-22:12
MERGED from [androidx.lifecycle:lifecycle-runtime:2.2.0] AndroidManifest.xml:17:1-24:12
MERGED from [androidx.savedstate:savedstate:1.0.0] AndroidManifest.xml:17:1-24:12
MERGED from [androidx.lifecycle:lifecycle-livedata:2.0.0] AndroidManifest.xml:17:1-22:12
MERGED from [androidx.lifecycle:lifecycle-livedata-core:2.2.0] AndroidManifest.xml:17:1-24:12
MERGED from [androidx.arch.core:core-runtime:2.1.0] AndroidManifest.xml:17:1-24:12
MERGED from [com.facebook.fresco:fbcore:1.10.0] AndroidManifest.xml:2:1-9:12
INJECTED from src\main\AndroidManifest.xml:1:1-30:12
INJECTED from src\main\AndroidManifest.xml:1:1-30:12
INJECTED from src\main\AndroidManifest.xml:1:1-30:12
	package
		ADDED from src\main\AndroidManifest.xml:2:5-30
		INJECTED from src\main\AndroidManifest.xml
		INJECTED from src\main\AndroidManifest.xml
	android:versionName
		INJECTED from src\main\AndroidManifest.xml
		ADDED from src\main\AndroidManifest.xml:1:1-30:12
		INJECTED from src\main\AndroidManifest.xml
	android:versionCode
		INJECTED from src\main\AndroidManifest.xml
		ADDED from src\main\AndroidManifest.xml:1:1-30:12
		INJECTED from src\main\AndroidManifest.xml
	xmlns:android
		ADDED from src\main\AndroidManifest.xml:1:11-69
uses-permission#android.permission.INTERNET
ADDED from src\main\AndroidManifest.xml:4:5-67
	android:name
		ADDED from src\main\AndroidManifest.xml:4:22-64
uses-permission#android.permission.SYSTEM_ALERT_WINDOW
ADDED from src\main\AndroidManifest.xml:5:5-77
	android:name
		ADDED from src\main\AndroidManifest.xml:5:22-75
uses-permission#android.permission.CAMERA
ADDED from src\main\AndroidManifest.xml:6:5-65
	android:name
		ADDED from src\main\AndroidManifest.xml:6:22-62
uses-permission#android.permission.WRITE_EXTERNAL_STORAGE
ADDED from src\main\AndroidManifest.xml:7:5-80
MERGED from [:react-native-image-crop-picker] AndroidManifest.xml:10:5-81
MERGED from [:react-native-image-crop-picker] AndroidManifest.xml:10:5-81
	android:name
		ADDED from src\main\AndroidManifest.xml:7:22-78
uses-feature#android.hardware.camera
ADDED from src\main\AndroidManifest.xml:8:5-85
	android:required
		ADDED from src\main\AndroidManifest.xml:8:58-82
	android:name
		ADDED from src\main\AndroidManifest.xml:8:19-57
uses-feature#android.hardware.camera.front
ADDED from src\main\AndroidManifest.xml:9:5-91
	android:required
		ADDED from src\main\AndroidManifest.xml:9:64-88
	android:name
		ADDED from src\main\AndroidManifest.xml:9:19-63
application
ADDED from src\main\AndroidManifest.xml:11:5-28:19
MERGED from [:react-native-image-crop-picker] AndroidManifest.xml:12:5-26:19
MERGED from [:react-native-image-crop-picker] AndroidManifest.xml:12:5-26:19
MERGED from [:react-native-image-picker] AndroidManifest.xml:9:5-19:19
MERGED from [:react-native-image-picker] AndroidManifest.xml:9:5-19:19
MERGED from [com.facebook.react:react-native:0.59.9] AndroidManifest.xml:11:5-20
MERGED from [com.facebook.react:react-native:0.59.9] AndroidManifest.xml:11:5-20
MERGED from [com.afollestad.material-dialogs:commons:0.9.6.0] AndroidManifest.xml:12:5-20
MERGED from [com.afollestad.material-dialogs:commons:0.9.6.0] AndroidManifest.xml:12:5-20
MERGED from [com.google.android.material:material:1.1.0] AndroidManifest.xml:22:5-20
MERGED from [com.google.android.material:material:1.1.0] AndroidManifest.xml:22:5-20
MERGED from [com.afollestad.material-dialogs:core:0.9.6.0] AndroidManifest.xml:13:5-20
MERGED from [com.afollestad.material-dialogs:core:0.9.6.0] AndroidManifest.xml:13:5-20
MERGED from [com.github.bumptech.glide:okhttp3-integration:4.7.1] AndroidManifest.xml:10:5-14:19
MERGED from [com.github.bumptech.glide:okhttp3-integration:4.7.1] AndroidManifest.xml:10:5-14:19
MERGED from [com.github.bumptech.glide:glide:4.7.1] AndroidManifest.xml:11:5-20
MERGED from [com.github.bumptech.glide:glide:4.7.1] AndroidManifest.xml:11:5-20
MERGED from [com.facebook.soloader:soloader:0.6.0] AndroidManifest.xml:11:5-20
MERGED from [com.facebook.soloader:soloader:0.6.0] AndroidManifest.xml:11:5-20
MERGED from [androidx.core:core:1.1.0] AndroidManifest.xml:24:5-89
MERGED from [androidx.core:core:1.1.0] AndroidManifest.xml:24:5-89
MERGED from [com.github.bumptech.glide:gifdecoder:4.7.1] AndroidManifest.xml:9:5-20
MERGED from [com.github.bumptech.glide:gifdecoder:4.7.1] AndroidManifest.xml:9:5-20
MERGED from [androidx.versionedparcelable:versionedparcelable:1.1.0] AndroidManifest.xml:24:5-25:19
MERGED from [androidx.versionedparcelable:versionedparcelable:1.1.0] AndroidManifest.xml:24:5-25:19
	android:appComponentFactory
		ADDED from [androidx.core:core:1.1.0] AndroidManifest.xml:24:18-86
	android:label
		ADDED from src\main\AndroidManifest.xml:13:7-39
	android:icon
		ADDED from src\main\AndroidManifest.xml:14:7-41
	android:allowBackup
		ADDED from src\main\AndroidManifest.xml:15:7-34
	android:theme
		ADDED from src\main\AndroidManifest.xml:16:7-38
	android:name
		ADDED from src\main\AndroidManifest.xml:12:7-38
activity#com.tinderreact.MainActivity
ADDED from src\main\AndroidManifest.xml:17:7-26:18
	android:label
		ADDED from src\main\AndroidManifest.xml:19:9-41
	android:windowSoftInputMode
		ADDED from src\main\AndroidManifest.xml:21:9-51
	android:configChanges
		ADDED from src\main\AndroidManifest.xml:20:9-79
	android:name
		ADDED from src\main\AndroidManifest.xml:18:9-37
intent-filter#action:name:android.intent.action.MAIN+category:name:android.intent.category.LAUNCHER
ADDED from src\main\AndroidManifest.xml:22:9-25:25
action#android.intent.action.MAIN
ADDED from src\main\AndroidManifest.xml:23:13-65
	android:name
		ADDED from src\main\AndroidManifest.xml:23:21-62
category#android.intent.category.LAUNCHER
ADDED from src\main\AndroidManifest.xml:24:13-73
	android:name
		ADDED from src\main\AndroidManifest.xml:24:23-70
activity#com.facebook.react.devsupport.DevSettingsActivity
ADDED from src\main\AndroidManifest.xml:27:7-84
	android:name
		ADDED from src\main\AndroidManifest.xml:27:17-81
uses-sdk
INJECTED from src\main\AndroidManifest.xml reason: use-sdk injection requested
INJECTED from src\main\AndroidManifest.xml
INJECTED from src\main\AndroidManifest.xml
MERGED from [:react-native-gesture-handler] AndroidManifest.xml:7:5-9:41
MERGED from [:react-native-gesture-handler] AndroidManifest.xml:7:5-9:41
MERGED from [androidx.multidex:multidex:2.0.0] AndroidManifest.xml:20:5-43
MERGED from [androidx.multidex:multidex:2.0.0] AndroidManifest.xml:20:5-43
MERGED from [:react-native-fast-image] AndroidManifest.xml:7:5-9:41
MERGED from [:react-native-fast-image] AndroidManifest.xml:7:5-9:41
MERGED from [:@react-native-community_checkbox] AndroidManifest.xml:5:5-7:41
MERGED from [:@react-native-community_checkbox] AndroidManifest.xml:5:5-7:41
MERGED from [:react-native-dialogs] AndroidManifest.xml:8:5-10:41
MERGED from [:react-native-dialogs] AndroidManifest.xml:8:5-10:41
MERGED from [:react-native-image-crop-picker] AndroidManifest.xml:6:5-8:41
MERGED from [:react-native-image-crop-picker] AndroidManifest.xml:6:5-8:41
MERGED from [:react-native-shared-element] AndroidManifest.xml:7:5-9:41
MERGED from [:react-native-shared-element] AndroidManifest.xml:7:5-9:41
MERGED from [:react-native-safe-area-context] AndroidManifest.xml:5:5-7:41
MERGED from [:react-native-safe-area-context] AndroidManifest.xml:5:5-7:41
MERGED from [:react-native-screens] AndroidManifest.xml:7:5-9:41
MERGED from [:react-native-screens] AndroidManifest.xml:7:5-9:41
MERGED from [:react-native-reanimated] AndroidManifest.xml:7:5-9:41
MERGED from [:react-native-reanimated] AndroidManifest.xml:7:5-9:41
MERGED from [:react-native-image-picker] AndroidManifest.xml:5:5-7:41
MERGED from [:react-native-image-picker] AndroidManifest.xml:5:5-7:41
MERGED from [:react-native-svg] AndroidManifest.xml:5:5-7:41
MERGED from [:react-native-svg] AndroidManifest.xml:5:5-7:41
MERGED from [:@react-native-community_async-storage] AndroidManifest.xml:5:5-7:41
MERGED from [:@react-native-community_async-storage] AndroidManifest.xml:5:5-7:41
MERGED from [:react-native-vector-icons] AndroidManifest.xml:7:5-9:41
MERGED from [:react-native-vector-icons] AndroidManifest.xml:7:5-9:41
MERGED from [com.facebook.react:react-native:0.59.9] AndroidManifest.xml:7:5-9:41
MERGED from [com.facebook.react:react-native:0.59.9] AndroidManifest.xml:7:5-9:41
MERGED from [com.afollestad.material-dialogs:commons:0.9.6.0] AndroidManifest.xml:8:5-10:41
MERGED from [com.afollestad.material-dialogs:commons:0.9.6.0] AndroidManifest.xml:8:5-10:41
MERGED from [com.github.yalantis:ucrop:2.2.5-native] AndroidManifest.xml:7:5-9:41
MERGED from [com.github.yalantis:ucrop:2.2.5-native] AndroidManifest.xml:7:5-9:41
MERGED from [com.google.android.material:material:1.1.0] AndroidManifest.xml:20:5-44
MERGED from [com.google.android.material:material:1.1.0] AndroidManifest.xml:20:5-44
MERGED from [com.afollestad.material-dialogs:core:0.9.6.0] AndroidManifest.xml:8:5-11:75
MERGED from [com.afollestad.material-dialogs:core:0.9.6.0] AndroidManifest.xml:8:5-11:75
MERGED from [me.zhanghai.android.materialprogressbar:library:1.4.2] AndroidManifest.xml:12:5-14:41
MERGED from [me.zhanghai.android.materialprogressbar:library:1.4.2] AndroidManifest.xml:12:5-14:41
MERGED from [androidx.appcompat:appcompat:1.1.0] AndroidManifest.xml:20:5-22:41
MERGED from [androidx.appcompat:appcompat:1.1.0] AndroidManifest.xml:20:5-22:41
MERGED from [androidx.legacy:legacy-support-v4:1.0.0] AndroidManifest.xml:20:5-44
MERGED from [androidx.legacy:legacy-support-v4:1.0.0] AndroidManifest.xml:20:5-44
MERGED from [com.github.bumptech.glide:okhttp3-integration:4.7.1] AndroidManifest.xml:6:5-8:41
MERGED from [com.github.bumptech.glide:okhttp3-integration:4.7.1] AndroidManifest.xml:6:5-8:41
MERGED from [com.github.bumptech.glide:glide:4.7.1] AndroidManifest.xml:7:5-9:41
MERGED from [com.github.bumptech.glide:glide:4.7.1] AndroidManifest.xml:7:5-9:41
MERGED from [androidx.legacy:legacy-support-core-ui:1.0.0] AndroidManifest.xml:20:5-44
MERGED from [androidx.legacy:legacy-support-core-ui:1.0.0] AndroidManifest.xml:20:5-44
MERGED from [androidx.swiperefreshlayout:swiperefreshlayout:1.0.0] AndroidManifest.xml:20:5-44
MERGED from [androidx.swiperefreshlayout:swiperefreshlayout:1.0.0] AndroidManifest.xml:20:5-44
MERGED from [androidx.viewpager2:viewpager2:1.0.0] AndroidManifest.xml:20:5-22:41
MERGED from [androidx.viewpager2:viewpager2:1.0.0] AndroidManifest.xml:20:5-22:41
MERGED from [androidx.fragment:fragment:1.2.1] AndroidManifest.xml:20:5-22:41
MERGED from [androidx.fragment:fragment:1.2.1] AndroidManifest.xml:20:5-22:41
MERGED from [androidx.coordinatorlayout:coordinatorlayout:1.1.0] AndroidManifest.xml:20:5-22:41
MERGED from [androidx.coordinatorlayout:coordinatorlayout:1.1.0] AndroidManifest.xml:20:5-22:41
MERGED from [androidx.transition:transition:1.2.0] AndroidManifest.xml:20:5-22:41
MERGED from [androidx.transition:transition:1.2.0] AndroidManifest.xml:20:5-22:41
MERGED from [com.facebook.fresco:fresco:1.10.0] AndroidManifest.xml:5:5-7:41
MERGED from [com.facebook.fresco:fresco:1.10.0] AndroidManifest.xml:5:5-7:41
MERGED from [com.facebook.fresco:imagepipeline-okhttp3:1.10.0] AndroidManifest.xml:5:5-7:41
MERGED from [com.facebook.fresco:imagepipeline-okhttp3:1.10.0] AndroidManifest.xml:5:5-7:41
MERGED from [com.facebook.fresco:drawee:1.10.0] AndroidManifest.xml:5:5-7:41
MERGED from [com.facebook.fresco:drawee:1.10.0] AndroidManifest.xml:5:5-7:41
MERGED from [com.facebook.fresco:imagepipeline:1.10.0] AndroidManifest.xml:5:5-7:41
MERGED from [com.facebook.fresco:imagepipeline:1.10.0] AndroidManifest.xml:5:5-7:41
MERGED from [com.facebook.fresco:imagepipeline-base:1.10.0] AndroidManifest.xml:5:5-7:41
MERGED from [com.facebook.fresco:imagepipeline-base:1.10.0] AndroidManifest.xml:5:5-7:41
MERGED from [com.facebook.soloader:soloader:0.6.0] AndroidManifest.xml:7:5-9:41
MERGED from [com.facebook.soloader:soloader:0.6.0] AndroidManifest.xml:7:5-9:41
MERGED from [androidx.media:media:1.0.0] AndroidManifest.xml:20:5-44
MERGED from [androidx.media:media:1.0.0] AndroidManifest.xml:20:5-44
MERGED from [androidx.legacy:legacy-support-core-utils:1.0.0] AndroidManifest.xml:20:5-44
MERGED from [androidx.legacy:legacy-support-core-utils:1.0.0] AndroidManifest.xml:20:5-44
MERGED from [androidx.appcompat:appcompat-resources:1.1.0] AndroidManifest.xml:20:5-22:41
MERGED from [androidx.appcompat:appcompat-resources:1.1.0] AndroidManifest.xml:20:5-22:41
MERGED from [androidx.drawerlayout:drawerlayout:1.0.0] AndroidManifest.xml:20:5-44
MERGED from [androidx.drawerlayout:drawerlayout:1.0.0] AndroidManifest.xml:20:5-44
MERGED from [androidx.viewpager:viewpager:1.0.0] AndroidManifest.xml:20:5-44
MERGED from [androidx.viewpager:viewpager:1.0.0] AndroidManifest.xml:20:5-44
MERGED from [androidx.loader:loader:1.0.0] AndroidManifest.xml:20:5-44
MERGED from [androidx.loader:loader:1.0.0] AndroidManifest.xml:20:5-44
MERGED from [androidx.activity:activity:1.1.0] AndroidManifest.xml:20:5-22:41
MERGED from [androidx.activity:activity:1.1.0] AndroidManifest.xml:20:5-22:41
MERGED from [androidx.slidingpanelayout:slidingpanelayout:1.0.0] AndroidManifest.xml:20:5-44
MERGED from [androidx.slidingpanelayout:slidingpanelayout:1.0.0] AndroidManifest.xml:20:5-44
MERGED from [androidx.recyclerview:recyclerview:1.1.0] AndroidManifest.xml:20:5-22:41
MERGED from [androidx.recyclerview:recyclerview:1.1.0] AndroidManifest.xml:20:5-22:41
MERGED from [androidx.customview:customview:1.0.0] AndroidManifest.xml:20:5-44
MERGED from [androidx.customview:customview:1.0.0] AndroidManifest.xml:20:5-44
MERGED from [androidx.vectordrawable:vectordrawable-animated:1.1.0] AndroidManifest.xml:20:5-22:41
MERGED from [androidx.vectordrawable:vectordrawable-animated:1.1.0] AndroidManifest.xml:20:5-22:41
MERGED from [androidx.vectordrawable:vectordrawable:1.1.0] AndroidManifest.xml:20:5-22:41
MERGED from [androidx.vectordrawable:vectordrawable:1.1.0] AndroidManifest.xml:20:5-22:41
MERGED from [androidx.asynclayoutinflater:asynclayoutinflater:1.0.0] AndroidManifest.xml:20:5-44
MERGED from [androidx.asynclayoutinflater:asynclayoutinflater:1.0.0] AndroidManifest.xml:20:5-44
MERGED from [androidx.core:core:1.1.0] AndroidManifest.xml:20:5-22:41
MERGED from [androidx.core:core:1.1.0] AndroidManifest.xml:20:5-22:41
MERGED from [com.github.bumptech.glide:gifdecoder:4.7.1] AndroidManifest.xml:5:5-7:41
MERGED from [com.github.bumptech.glide:gifdecoder:4.7.1] AndroidManifest.xml:5:5-7:41
MERGED from [androidx.interpolator:interpolator:1.0.0] AndroidManifest.xml:20:5-44
MERGED from [androidx.interpolator:interpolator:1.0.0] AndroidManifest.xml:20:5-44
MERGED from [androidx.exifinterface:exifinterface:1.1.0-beta01] AndroidManifest.xml:20:5-22:41
MERGED from [androidx.exifinterface:exifinterface:1.1.0-beta01] AndroidManifest.xml:20:5-22:41
MERGED from [androidx.cursoradapter:cursoradapter:1.0.0] AndroidManifest.xml:20:5-44
MERGED from [androidx.cursoradapter:cursoradapter:1.0.0] AndroidManifest.xml:20:5-44
MERGED from [androidx.versionedparcelable:versionedparcelable:1.1.0] AndroidManifest.xml:20:5-22:41
MERGED from [androidx.versionedparcelable:versionedparcelable:1.1.0] AndroidManifest.xml:20:5-22:41
MERGED from [androidx.lifecycle:lifecycle-viewmodel-savedstate:2.2.0] AndroidManifest.xml:20:5-22:41
MERGED from [androidx.lifecycle:lifecycle-viewmodel-savedstate:2.2.0] AndroidManifest.xml:20:5-22:41
MERGED from [androidx.lifecycle:lifecycle-viewmodel:2.2.0] AndroidManifest.xml:20:5-22:41
MERGED from [androidx.lifecycle:lifecycle-viewmodel:2.2.0] AndroidManifest.xml:20:5-22:41
MERGED from [androidx.cardview:cardview:1.0.0] AndroidManifest.xml:20:5-44
MERGED from [androidx.cardview:cardview:1.0.0] AndroidManifest.xml:20:5-44
MERGED from [androidx.documentfile:documentfile:1.0.0] AndroidManifest.xml:20:5-44
MERGED from [androidx.documentfile:documentfile:1.0.0] AndroidManifest.xml:20:5-44
MERGED from [androidx.localbroadcastmanager:localbroadcastmanager:1.0.0] AndroidManifest.xml:20:5-44
MERGED from [androidx.localbroadcastmanager:localbroadcastmanager:1.0.0] AndroidManifest.xml:20:5-44
MERGED from [androidx.print:print:1.0.0] AndroidManifest.xml:20:5-44
MERGED from [androidx.print:print:1.0.0] AndroidManifest.xml:20:5-44
MERGED from [androidx.lifecycle:lifecycle-runtime:2.2.0] AndroidManifest.xml:20:5-22:41
MERGED from [androidx.lifecycle:lifecycle-runtime:2.2.0] AndroidManifest.xml:20:5-22:41
MERGED from [androidx.savedstate:savedstate:1.0.0] AndroidManifest.xml:20:5-22:41
MERGED from [androidx.savedstate:savedstate:1.0.0] AndroidManifest.xml:20:5-22:41
MERGED from [androidx.lifecycle:lifecycle-livedata:2.0.0] AndroidManifest.xml:20:5-44
MERGED from [androidx.lifecycle:lifecycle-livedata:2.0.0] AndroidManifest.xml:20:5-44
MERGED from [androidx.lifecycle:lifecycle-livedata-core:2.2.0] AndroidManifest.xml:20:5-22:41
MERGED from [androidx.lifecycle:lifecycle-livedata-core:2.2.0] AndroidManifest.xml:20:5-22:41
MERGED from [androidx.arch.core:core-runtime:2.1.0] AndroidManifest.xml:20:5-22:41
MERGED from [androidx.arch.core:core-runtime:2.1.0] AndroidManifest.xml:20:5-22:41
MERGED from [com.facebook.fresco:fbcore:1.10.0] AndroidManifest.xml:5:5-7:41
MERGED from [com.facebook.fresco:fbcore:1.10.0] AndroidManifest.xml:5:5-7:41
INJECTED from src\main\AndroidManifest.xml
INJECTED from src\main\AndroidManifest.xml
	tools:overrideLibrary
		ADDED from [com.afollestad.material-dialogs:core:0.9.6.0] AndroidManifest.xml:11:9-72
	android:targetSdkVersion
		INJECTED from src\main\AndroidManifest.xml
		ADDED from src\main\AndroidManifest.xml
		INJECTED from src\main\AndroidManifest.xml
	android:minSdkVersion
		INJECTED from src\main\AndroidManifest.xml
		ADDED from src\main\AndroidManifest.xml
		INJECTED from src\main\AndroidManifest.xml
provider#androidx.core.content.FileProvider
ADDED from [:react-native-image-crop-picker] AndroidManifest.xml:13:9-21:20
	android:grantUriPermissions
		ADDED from [:react-native-image-crop-picker] AndroidManifest.xml:17:13-47
	android:authorities
		ADDED from [:react-native-image-crop-picker] AndroidManifest.xml:15:13-60
	android:exported
		ADDED from [:react-native-image-crop-picker] AndroidManifest.xml:16:13-37
	android:name
		ADDED from [:react-native-image-crop-picker] AndroidManifest.xml:14:13-62
meta-data#android.support.FILE_PROVIDER_PATHS
ADDED from [:react-native-image-crop-picker] AndroidManifest.xml:18:13-20:58
	android:resource
		ADDED from [:react-native-image-crop-picker] AndroidManifest.xml:20:17-55
	android:name
		ADDED from [:react-native-image-crop-picker] AndroidManifest.xml:19:17-67
activity#com.yalantis.ucrop.UCropActivity
ADDED from [:react-native-image-crop-picker] AndroidManifest.xml:23:9-25:72
	android:theme
		ADDED from [:react-native-image-crop-picker] AndroidManifest.xml:25:13-69
	android:name
		ADDED from [:react-native-image-crop-picker] AndroidManifest.xml:24:13-60
provider#com.imagepicker.FileProvider
ADDED from [:react-native-image-picker] AndroidManifest.xml:10:9-18:20
	android:grantUriPermissions
		ADDED from [:react-native-image-picker] AndroidManifest.xml:14:13-47
	android:authorities
		ADDED from [:react-native-image-picker] AndroidManifest.xml:12:13-60
	android:exported
		ADDED from [:react-native-image-picker] AndroidManifest.xml:13:13-37
	android:name
		ADDED from [:react-native-image-picker] AndroidManifest.xml:11:13-56
meta-data#com.bumptech.glide.integration.okhttp3.OkHttpGlideModule
ADDED from [com.github.bumptech.glide:okhttp3-integration:4.7.1] AndroidManifest.xml:11:9-13:43
	android:value
		ADDED from [com.github.bumptech.glide:okhttp3-integration:4.7.1] AndroidManifest.xml:13:13-40
	android:name
		ADDED from [com.github.bumptech.glide:okhttp3-integration:4.7.1] AndroidManifest.xml:12:13-84